<?xml version="1.0" encoding="UTF-8"?>
<!-- Generated by org.testng.reporters.JUnitReportReporter -->
<testsuite hostname="LAPTOP-BUA0KBG0" failures="0" tests="2" name="com.test.Test1" time="5.198" errors="0" timestamp="2021-10-24T20:03:22 IST" skipped="0">
  <testcase classname="com.test.Test1" name="accessURL" time="3.558"/>
  <system-out/>
  <testcase classname="com.test.Test1" name="login" time="1.640"/>
  <system-out/>
</testsuite> <!-- com.test.Test1 -->
